{"type":"server-started","port":55444,"host":"127.0.0.1","url_host":"localhost","url":"http://localhost:55444","screen_dir":"/Users/edmenn/Library/CloudStorage/OneDrive-Personal/001- Proyectos/Osvaldo - Ficha Medica/.superpowers/brainstorm/19916-1777691755/content","state_dir":"/Users/edmenn/Library/CloudStorage/OneDrive-Personal/001- Proyectos/Osvaldo - Ficha Medica/.superpowers/brainstorm/19916-1777691755/state"}
{"type":"screen-added","file":"/Users/edmenn/Library/CloudStorage/OneDrive-Personal/001- Proyectos/Osvaldo - Ficha Medica/.superpowers/brainstorm/19916-1777691755/content/arquitectura.html"}
{"type":"screen-updated","file":"/Users/edmenn/Library/CloudStorage/OneDrive-Personal/001- Proyectos/Osvaldo - Ficha Medica/.superpowers/brainstorm/19916-1777691755/content/arquitectura.html"}
{"type":"screen-updated","file":"/Users/edmenn/Library/CloudStorage/OneDrive-Personal/001- Proyectos/Osvaldo - Ficha Medica/.superpowers/brainstorm/19916-1777691755/content/arquitectura.html"}
{"type":"screen-updated","file":"/Users/edmenn/Library/CloudStorage/OneDrive-Personal/001- Proyectos/Osvaldo - Ficha Medica/.superpowers/brainstorm/19916-1777691755/content/arquitectura.html"}
{"source":"user-event","type":"click","text":"A\n    \n      Next.js + Supabase full-stack\n      Frontend y API en Next.js (Vercel), base de datos + auth + storage en Supabase. La API key del usuario se guarda encriptada en la DB y las llamadas a IA se hacen desde el servidor (API Routes de Next.js). Stack: TypeScript, Next.js 14, Supabase, PostgreSQL.\n      \n        Pros100% gratis en free tierUn solo repo, fácil de mantenerDeploy automático en VercelAPI key nunca llega al cliente\n        ConsVercel free: timeout de 10s en API routes (raro para análisis de imágenes)Cold starts ocasionales\n      \n      ⭐ Recomendado","choice":"a","id":null,"timestamp":1777692196555}
{"source":"user-event","type":"click","text":"A\n    \n      Next.js + Supabase full-stack\n      Frontend y API en Next.js (Vercel), base de datos + auth + storage en Supabase. La API key del usuario se guarda encriptada en la DB y las llamadas a IA se hacen desde el servidor (API Routes de Next.js). Stack: TypeScript, Next.js 14, Supabase, PostgreSQL.\n      \n        Pros100% gratis en free tierUn solo repo, fácil de mantenerDeploy automático en VercelAPI key nunca llega al cliente\n        ConsVercel free: timeout de 10s en API routes (raro para análisis de imágenes)Cold starts ocasionales\n      \n      ⭐ Recomendado","choice":"a","id":null,"timestamp":1777692203490}
{"source":"user-event","type":"click","text":"A\n    \n      Next.js + Supabase full-stack\n      Frontend y API en Next.js (Vercel), base de datos + auth + storage en Supabase. La API key del usuario se guarda encriptada en la DB y las llamadas a IA se hacen desde el servidor (API Routes de Next.js). Stack: TypeScript, Next.js 14, Supabase, PostgreSQL.\n      \n        Pros100% gratis en free tierUn solo repo, fácil de mantenerDeploy automático en VercelAPI key nunca llega al cliente\n        ConsVercel free: timeout de 10s en API routes (raro para análisis de imágenes)Cold starts ocasionales\n      \n      ⭐ Recomendado","choice":"a","id":null,"timestamp":1777692203699}
{"type":"screen-added","file":"/Users/edmenn/Library/CloudStorage/OneDrive-Personal/001- Proyectos/Osvaldo - Ficha Medica/.superpowers/brainstorm/19916-1777691755/content/arquitectura-detalle.html"}
{"type":"screen-updated","file":"/Users/edmenn/Library/CloudStorage/OneDrive-Personal/001- Proyectos/Osvaldo - Ficha Medica/.superpowers/brainstorm/19916-1777691755/content/arquitectura-detalle.html"}
{"type":"screen-updated","file":"/Users/edmenn/Library/CloudStorage/OneDrive-Personal/001- Proyectos/Osvaldo - Ficha Medica/.superpowers/brainstorm/19916-1777691755/content/arquitectura-detalle.html"}
{"type":"screen-updated","file":"/Users/edmenn/Library/CloudStorage/OneDrive-Personal/001- Proyectos/Osvaldo - Ficha Medica/.superpowers/brainstorm/19916-1777691755/content/arquitectura-detalle.html"}
{"type":"screen-updated","file":"/Users/edmenn/Library/CloudStorage/OneDrive-Personal/001- Proyectos/Osvaldo - Ficha Medica/.superpowers/brainstorm/19916-1777691755/content/arquitectura-detalle.html"}
{"type":"screen-added","file":"/Users/edmenn/Library/CloudStorage/OneDrive-Personal/001- Proyectos/Osvaldo - Ficha Medica/.superpowers/brainstorm/19916-1777691755/content/modelo-datos.html"}
{"type":"screen-updated","file":"/Users/edmenn/Library/CloudStorage/OneDrive-Personal/001- Proyectos/Osvaldo - Ficha Medica/.superpowers/brainstorm/19916-1777691755/content/modelo-datos.html"}
{"type":"screen-updated","file":"/Users/edmenn/Library/CloudStorage/OneDrive-Personal/001- Proyectos/Osvaldo - Ficha Medica/.superpowers/brainstorm/19916-1777691755/content/modelo-datos.html"}
{"type":"screen-updated","file":"/Users/edmenn/Library/CloudStorage/OneDrive-Personal/001- Proyectos/Osvaldo - Ficha Medica/.superpowers/brainstorm/19916-1777691755/content/modelo-datos.html"}
{"type":"screen-updated","file":"/Users/edmenn/Library/CloudStorage/OneDrive-Personal/001- Proyectos/Osvaldo - Ficha Medica/.superpowers/brainstorm/19916-1777691755/content/modelo-datos.html"}
{"type":"screen-added","file":"/Users/edmenn/Library/CloudStorage/OneDrive-Personal/001- Proyectos/Osvaldo - Ficha Medica/.superpowers/brainstorm/19916-1777691755/content/ui-flow.html"}
{"type":"screen-updated","file":"/Users/edmenn/Library/CloudStorage/OneDrive-Personal/001- Proyectos/Osvaldo - Ficha Medica/.superpowers/brainstorm/19916-1777691755/content/ui-flow.html"}
{"type":"screen-updated","file":"/Users/edmenn/Library/CloudStorage/OneDrive-Personal/001- Proyectos/Osvaldo - Ficha Medica/.superpowers/brainstorm/19916-1777691755/content/ui-flow.html"}
{"type":"screen-updated","file":"/Users/edmenn/Library/CloudStorage/OneDrive-Personal/001- Proyectos/Osvaldo - Ficha Medica/.superpowers/brainstorm/19916-1777691755/content/ui-flow.html"}
{"type":"screen-updated","file":"/Users/edmenn/Library/CloudStorage/OneDrive-Personal/001- Proyectos/Osvaldo - Ficha Medica/.superpowers/brainstorm/19916-1777691755/content/ui-flow.html"}
{"type":"screen-added","file":"/Users/edmenn/Library/CloudStorage/OneDrive-Personal/001- Proyectos/Osvaldo - Ficha Medica/.superpowers/brainstorm/19916-1777691755/content/riesgos-roadmap.html"}
{"type":"screen-updated","file":"/Users/edmenn/Library/CloudStorage/OneDrive-Personal/001- Proyectos/Osvaldo - Ficha Medica/.superpowers/brainstorm/19916-1777691755/content/riesgos-roadmap.html"}
{"type":"screen-updated","file":"/Users/edmenn/Library/CloudStorage/OneDrive-Personal/001- Proyectos/Osvaldo - Ficha Medica/.superpowers/brainstorm/19916-1777691755/content/riesgos-roadmap.html"}
{"type":"screen-updated","file":"/Users/edmenn/Library/CloudStorage/OneDrive-Personal/001- Proyectos/Osvaldo - Ficha Medica/.superpowers/brainstorm/19916-1777691755/content/riesgos-roadmap.html"}
{"type":"screen-updated","file":"/Users/edmenn/Library/CloudStorage/OneDrive-Personal/001- Proyectos/Osvaldo - Ficha Medica/.superpowers/brainstorm/19916-1777691755/content/riesgos-roadmap.html"}
